Build started 28/05/2013 12:32:21 p.m..
     1>Project "C:\Users\Arturo\Documents\Proyectos\Game physics engine\Cyclone\Cyclone\Cyclone.vcxproj" on node 2 (build target(s)).
     1>InitializeBuildStatus:
         Touching "Debug\Cyclone.unsuccessfulbuild".
       ClCompile:
         c:\Program Files\Microsoft Visual Studio 10.0\VC\bin\CL.exe /c /ZI /nologo /W3 /WX- /Od /Oy- /D WIN32 /D _DEBUG /D _CONSOLE /D _UNICODE /D UNICODE /Gm /EHsc /RTC1 /MDd /GS /fp:precise /Zc:wchar_t /Zc:forScope /Fo"Debug\\" /Fd"Debug\vc100.pdb" /Gd /TP /analyze- /errorReport:prompt main.cpp
         main.cpp
     1>c:\users\arturo\documents\proyectos\game physics engine\cyclone\cyclone\cyclone\core.h(147): warning C4244: 'return' : conversion from 'double' to 'cyclone::real', possible loss of data
       ManifestResourceCompile:
         All outputs are up-to-date.
       Link:
         c:\Program Files\Microsoft Visual Studio 10.0\VC\bin\link.exe /ERRORREPORT:PROMPT /OUT:"C:\Users\Arturo\Documents\Proyectos\Game physics engine\Cyclone\Debug\Cyclone.exe" /INCREMENTAL /NOLOGO kernel32.lib user32.lib gdi32.lib winspool.lib comdlg32.lib advapi32.lib shell32.lib ole32.lib oleaut32.lib uuid.lib odbc32.lib odbccp32.lib /MANIFEST /ManifestFile:"Debug\Cyclone.exe.intermediate.manifest" /MANIFESTUAC:"level='asInvoker' uiAccess='false'" /DEBUG /PDB:"C:\Users\Arturo\Documents\Proyectos\Game physics engine\Cyclone\Debug\Cyclone.pdb" /SUBSYSTEM:CONSOLE /TLBID:1 /DYNAMICBASE /NXCOMPAT /IMPLIB:"C:\Users\Arturo\Documents\Proyectos\Game physics engine\Cyclone\Debug\Cyclone.lib" /MACHINE:X86 Debug\Cyclone.exe.embed.manifest.res
         Debug\main.obj
       Manifest:
         C:\Program Files\Microsoft SDKs\Windows\v7.0A\bin\mt.exe /nologo /verbose /out:"Debug\Cyclone.exe.embed.manifest" /manifest Debug\Cyclone.exe.intermediate.manifest
         All outputs are up-to-date.
       LinkEmbedManifest:
         All outputs are up-to-date.
         Cyclone.vcxproj -> C:\Users\Arturo\Documents\Proyectos\Game physics engine\Cyclone\Debug\Cyclone.exe
       FinalizeBuildStatus:
         Deleting file "Debug\Cyclone.unsuccessfulbuild".
         Touching "Debug\Cyclone.lastbuildstate".
     1>Done Building Project "C:\Users\Arturo\Documents\Proyectos\Game physics engine\Cyclone\Cyclone\Cyclone.vcxproj" (build target(s)).

Build succeeded.

Time Elapsed 00:00:01.45
